RM  /home/ckoenig/Documents/phd/interview/sw/exercise/v1/BUILD/PULP/GCC_RISCV/
CC  test.c
CC  /home/ckoenig/Documents/phd/interview/sw/pulp-sdk/rtos/pulpos/common/kernel/fll-v1.c
CC  /home/ckoenig/Documents/phd/interview/sw/pulp-sdk/rtos/pulpos/common/kernel/freq-domains.c
CC  /home/ckoenig/Documents/phd/interview/sw/pulp-sdk/rtos/pulpos/pulp/kernel/chips/pulp/soc.c
CC  /home/ckoenig/Documents/phd/interview/sw/pulp-sdk/rtos/pmsis/pmsis_bsp/fs/read_fs/read_fs.c
CC  /home/ckoenig/Documents/phd/interview/sw/pulp-sdk/rtos/pmsis/pmsis_bsp/fs/host_fs/semihost.c
CC  /home/ckoenig/Documents/phd/interview/sw/pulp-sdk/rtos/pmsis/pmsis_bsp/fs/host_fs/host_fs.c
CC  /home/ckoenig/Documents/phd/interview/sw/pulp-sdk/rtos/pmsis/pmsis_bsp/fs/fs.c
CC  /home/ckoenig/Documents/phd/interview/sw/pulp-sdk/rtos/pmsis/pmsis_bsp/bsp/pulp.c
CC  /home/ckoenig/Documents/phd/interview/sw/pulp-sdk/rtos/pulpos/common/lib/libc/minimal/io.c
CC  /home/ckoenig/Documents/phd/interview/sw/pulp-sdk/rtos/pulpos/common/lib/libc/minimal/fprintf.c
CC  /home/ckoenig/Documents/phd/interview/sw/pulp-sdk/rtos/pulpos/common/lib/libc/minimal/prf.c
CC  /home/ckoenig/Documents/phd/interview/sw/pulp-sdk/rtos/pulpos/common/lib/libc/minimal/sprintf.c
CC  /home/ckoenig/Documents/phd/interview/sw/pulp-sdk/rtos/pulpos/common/lib/libc/minimal/semihost.c
CC  /home/ckoenig/Documents/phd/interview/sw/pulp-sdk/rtos/pulpos/common/kernel/init.c
CC  /home/ckoenig/Documents/phd/interview/sw/pulp-sdk/rtos/pulpos/common/kernel/kernel.c
CC  /home/ckoenig/Documents/phd/interview/sw/pulp-sdk/rtos/pulpos/common/kernel/device.c
CC  /home/ckoenig/Documents/phd/interview/sw/pulp-sdk/rtos/pulpos/common/kernel/task.c
CC  /home/ckoenig/Documents/phd/interview/sw/pulp-sdk/rtos/pulpos/common/kernel/alloc.c
CC  /home/ckoenig/Documents/phd/interview/sw/pulp-sdk/rtos/pulpos/common/kernel/alloc_pool.c
CC  /home/ckoenig/Documents/phd/interview/sw/pulp-sdk/rtos/pulpos/common/kernel/irq.c
CC  /home/ckoenig/Documents/phd/interview/sw/pulp-sdk/rtos/pulpos/common/kernel/soc_event.c
CC  /home/ckoenig/Documents/phd/interview/sw/pulp-sdk/rtos/pulpos/common/kernel/log.c
CC  /home/ckoenig/Documents/phd/interview/sw/pulp-sdk/rtos/pulpos/common/kernel/time.c
CC  /home/ckoenig/Documents/phd/interview/sw/pulp-sdk/rtos/pulpos/pulp/drivers/uart/uart-v1.c
CC  /home/ckoenig/Documents/phd/interview/sw/pulp-sdk/rtos/pulpos/pulp/drivers/udma/udma-v3.c
CC  /home/ckoenig/Documents/phd/interview/sw/pulp-sdk/rtos/pulpos/pulp/drivers/cluster/cluster.c
CC  /home/ckoenig/Documents/phd/interview/sw/pulp-sdk/rtos/pulpos/common/kernel/crt0.S
CC  /home/ckoenig/Documents/phd/interview/sw/pulp-sdk/rtos/pulpos/common/kernel/irq_asm.S
CC  /home/ckoenig/Documents/phd/interview/sw/pulp-sdk/rtos/pulpos/common/kernel/task_asm.S
CC  /home/ckoenig/Documents/phd/interview/sw/pulp-sdk/rtos/pulpos/common/kernel/time_asm.S
CC  /home/ckoenig/Documents/phd/interview/sw/pulp-sdk/rtos/pulpos/common/kernel/soc_event_v2_itc.S
CC  /home/ckoenig/Documents/phd/interview/sw/pulp-sdk/rtos/pulpos/pulp/drivers/cluster/pe-eu-v3.S
LD  /home/ckoenig/Documents/phd/interview/sw/exercise/v1/BUILD/PULP/GCC_RISCV//test/test
gapy --target=pulp --platform=gvsoc --work-dir=/home/ckoenig/Documents/phd/interview/sw/exercise/v1/BUILD/PULP/GCC_RISCV/ --config-opt=cluster/nb_pe=8    run --image --binary=/home/ckoenig/Documents/phd/interview/sw/exercise/v1/BUILD/PULP/GCC_RISCV//test/test 
gapy --target=pulp --platform=gvsoc --work-dir=/home/ckoenig/Documents/phd/interview/sw/exercise/v1/BUILD/PULP/GCC_RISCV/ --config-opt=cluster/nb_pe=8    run --flash --binary=/home/ckoenig/Documents/phd/interview/sw/exercise/v1/BUILD/PULP/GCC_RISCV//test/test 
gapy --target=pulp --platform=gvsoc --work-dir=/home/ckoenig/Documents/phd/interview/sw/exercise/v1/BUILD/PULP/GCC_RISCV/ --config-opt=cluster/nb_pe=8    run --exec-prepare --exec --binary=/home/ckoenig/Documents/phd/interview/sw/exercise/v1/BUILD/PULP/GCC_RISCV//test/test 
[0] cycles = 8521107
[0] instr = 6423688
[0] active cycles = 8521105
[0] ext load = 0
[0] TCDM cont = 0
[0] ld stall = 2097152
[0] imiss = 0
